2019-12-13T13:35:28.664Z - normal: Load ~/.CocosCreator/settings.json
2019-12-13T13:35:28.670Z - normal: checking language setting...
2019-12-13T13:35:28.670Z - normal: Language: zh
2019-12-13T13:35:30.659Z - success: protocol editor-framework registered
2019-12-13T13:35:30.659Z - success: protocol app registered
2019-12-13T13:35:30.659Z - success: protocol theme registered
2019-12-13T13:35:30.660Z - success: protocol packages registered
2019-12-13T13:35:30.660Z - success: protocol unpack registerred
2019-12-13T13:35:30.660Z - success: protocol disable-commonjs registerred
2019-12-13T13:35:33.669Z - normal: failed to connect login server due to request timeout
2019-12-13T13:35:33.672Z - normal: Check project C:\git\jeejaylangCocos\reversi-online-master\reversi-online-master
2019-12-13T13:35:33.679Z - normal: Initializing Cocos2d
2019-12-13T13:35:34.387Z - normal: Initializing Asset Database
2019-12-13T13:35:34.481Z - success: protocol uuid registerred
2019-12-13T13:35:34.482Z - success: protocol db registerred
2019-12-13T13:35:34.482Z - success: protocol thumbnail registerred
2019-12-13T13:35:34.482Z - normal: Loading editor/builtin packages
2019-12-13T13:35:34.521Z - success: anysdk loaded
2019-12-13T13:35:34.795Z - success: assets loaded
2019-12-13T13:35:34.799Z - success: builder loaded
2019-12-13T13:35:34.803Z - success: cocos-analytics loaded
2019-12-13T13:35:34.808Z - success: console loaded
2019-12-13T13:35:34.887Z - success: fb-instant-games loaded
2019-12-13T13:35:34.898Z - success: hierarchy loaded
2019-12-13T13:35:34.910Z - success: inspector loaded
2019-12-13T13:35:34.915Z - success: keystore loaded
2019-12-13T13:35:34.923Z - success: node-library loaded
2019-12-13T13:35:34.927Z - success: package-asset loaded
2019-12-13T13:35:34.931Z - success: preferences loaded
2019-12-13T13:35:34.934Z - success: project-exporter loaded
2019-12-13T13:35:34.968Z - success: project-importer loaded
2019-12-13T13:35:34.973Z - success: project-settings loaded
2019-12-13T13:35:34.979Z - success: ui-kit loaded
2019-12-13T13:35:34.984Z - success: ui-grid loaded
2019-12-13T13:35:34.990Z - success: scene loaded
2019-12-13T13:35:34.993Z - success: sprite-editor loaded
2019-12-13T13:35:34.999Z - success: store loaded
2019-12-13T13:35:35.008Z - success: timeline loaded
2019-12-13T13:35:35.008Z - normal: Loading builtin packages
2019-12-13T13:35:35.014Z - success: asset-db-debugger loaded
2019-12-13T13:35:35.017Z - success: code-editor loaded
2019-12-13T13:35:35.019Z - success: color-picker loaded
2019-12-13T13:35:35.023Z - success: package-manager loaded
2019-12-13T13:35:35.027Z - success: qqplay-adapter loaded
2019-12-13T13:35:35.034Z - success: sdkbox loaded
2019-12-13T13:35:35.039Z - success: tester loaded
2019-12-13T13:35:35.043Z - success: ui-kit-preview-extra loaded
2019-12-13T13:35:35.046Z - success: ui-kit-preview loaded
2019-12-13T13:35:35.048Z - success: ui-tree loaded
2019-12-13T13:35:35.050Z - success: weapp-adapter loaded
2019-12-13T13:35:37.725Z - normal: Initializing project C:\git\jeejaylangCocos\reversi-online-master\reversi-online-master
2019-12-13T13:35:37.749Z - normal: Loading packages
2019-12-13T13:35:37.782Z - success: animation-clip-maker loaded
2019-12-13T13:35:37.789Z - success: slot-big loaded
2019-12-13T13:35:37.794Z - success: reverse loaded
2019-12-13T13:35:37.799Z - failed: Failed to load panel "panel" from "slot-big", the panelID slot-big already exists
2019-12-13T13:35:37.801Z - success: slot-big loaded
2019-12-13T13:35:37.801Z - normal: Watching packages
2019-12-13T13:35:38.513Z - normal: Run Application
2019-12-13T13:35:40.146Z - success: preview server running at http://localhost:7456
2019-12-13T13:35:48.597Z - normal: 1.9.2
2019-12-13T13:36:05.125Z - normal: Start building with options : {
  "androidStudio": false,
  "apiLevel": "android-10",
  "appABIs": [],
  "appKey": "",
  "appSecret": "",
  "buildPath": "C:\\git\\jeejaylangCocos\\reversi-online-master\\reversi-online-master\\build",
  "debug": false,
  "dest": "C:\\git\\jeejaylangCocos\\reversi-online-master\\reversi-online-master\\build\\web-mobile",
  "encryptJs": true,
  "excludeScenes": [],
  "excludedModules": [],
  "fb-instant-games": {},
  "includeAnySDK": false,
  "includeEruda": false,
  "includeSDKBox": false,
  "inlineSpriteFrames": true,
  "inlineSpriteFrames_native": true,
  "jailbreakPlatform": false,
  "md5Cache": false,
  "mergeStartScene": false,
  "oauthLoginServer": "",
  "optimizeHotUpdate": false,
  "orientation": {
    "landscapeLeft": true,
    "landscapeRight": true,
    "portrait": false,
    "upsideDown": false
  },
  "packageName": "org.cocos2d.reversi-online",
  "platform": "web-mobile",
  "previewHeight": "720",
  "previewWidth": "1280",
  "privateKey": "",
  "qqplay": {
    "REMOTE_SERVER_ROOT": "",
    "orientation": "portrait"
  },
  "renderMode": "0",
  "scenes": [
    "d756747d-ba4b-4f7c-98ec-f96b5fabb8af",
    "6ea619ab-a3da-4c36-8a65-32ed5e0d71ae",
    "8bd838b9-34f4-44d1-8761-0fbda6658340"
  ],
  "sourceMaps": false,
  "startScene": "d756747d-ba4b-4f7c-98ec-f96b5fabb8af",
  "template": "default",
  "title": "reversi-online",
  "useDebugKeystore": true,
  "vsVersion": "auto",
  "webOrientation": "auto",
  "wechatgame": {
    "REMOTE_SERVER_ROOT": "",
    "appid": "wx6ac3f5090a6b99c5",
    "isSubdomain": false,
    "orientation": "portrait",
    "subContext": ""
  },
  "xxteaKey": "38d0ecaf-8cde-43",
  "zipCompressJs": true,
  "project": "C:\\git\\jeejaylangCocos\\reversi-online-master\\reversi-online-master",
  "projectName": "reversi-online",
  "debugBuildWorker": false
}
2019-12-13T13:36:05.131Z - normal: Building C:\git\jeejaylangCocos\reversi-online-master\reversi-online-master
2019-12-13T13:36:05.131Z - normal: Destination C:\git\jeejaylangCocos\reversi-online-master\reversi-online-master\build\web-mobile
2019-12-13T13:36:05.418Z - normal: Delete C:\git\jeejaylangCocos\reversi-online-master\reversi-online-master\build\web-mobile\**\*
2019-12-13T13:36:09.589Z - normal: Compiled project javascript file successfully
2019-12-13T13:36:09.590Z - normal: Start building assets
2019-12-13T13:36:09.591Z - normal: Start spawn build-worker
2019-12-13T13:36:10.377Z - normal: Finish spawn build-worker
2019-12-13T13:36:10.377Z - normal: Start init build-worker
2019-12-13T13:36:13.448Z - normal: 1.9.2
2019-12-13T13:36:13.600Z - normal: Finish init build-worker
2019-12-13T13:36:13.600Z - normal: Start build-assets in worker
2019-12-13T13:36:14.281Z - normal: Finish build-assets in worker
2019-12-13T13:36:14.294Z - normal: Finish building assets
2019-12-13T13:36:14.302Z - normal: Start building raw assets
2019-12-13T13:36:14.303Z - normal: Start building plugin scripts
2019-12-13T13:36:15.919Z - normal: Finish building raw assets
2019-12-13T13:36:15.958Z - normal: Finish building plugin scripts
2019-12-13T13:36:15.968Z - normal: Generating main.js from C:\CocosCreator\resources\static\build-templates\shares\main.js
2019-12-13T13:36:15.979Z - normal: Generating html from C:\CocosCreator\resources\static\build-templates\web-mobile\template\index.html
2019-12-13T13:36:16.009Z - normal: Built to "C:\git\jeejaylangCocos\reversi-online-master\reversi-online-master\build\web-mobile" successfully
2019-12-14T15:19:11.451Z - info: shutdown preview server
